<?xml version="1.0" encoding="UTF-8"?>
<!-- Generated by org.testng.reporters.JUnitReportReporter -->
<testsuite skipped="0" hostname="DESKTOP-H984LVP" name="qsp.test" tests="2" failures="0" timestamp="12 Dec 2017 20:42:21 GMT" time="0.031" errors="0">
  <testcase name="testDemoA" time="0.031" classname="qsp.test"/>
  <testcase name="testDemob" time="0.000" classname="qsp.test"/>
</testsuite> <!-- qsp.test -->
