<?xml version="1.0" encoding="UTF-8"?>
<!-- Generated by org.testng.reporters.JUnitReportReporter -->
<testsuite skipped="0" hostname="DESKTOP-H984LVP" name="qsp.sendingvaluesfromtestng" tests="1" failures="0" timestamp="09 Aug 2018 07:27:38 GMT" time="0.015" errors="0">
  <testcase name="test" time="0.015" classname="qsp.sendingvaluesfromtestng"/>
</testsuite> <!-- qsp.sendingvaluesfromtestng -->
