<?xml version="1.0" encoding="UTF-8"?>
<!-- Generated by org.testng.reporters.JUnitReportReporter -->
<testsuite skipped="1" hostname="DESKTOP-H984LVP" name="qsp.alltest" tests="2" failures="0" timestamp="09 Aug 2018 06:46:07 GMT" time="0.016" errors="0">
  <testcase name="hideproduct" time="0.016" classname="qsp.alltest"/>
  <testcase name="deleteuser" classname="qsp.alltest">
    <skipped/>
  </testcase> <!-- deleteuser -->
</testsuite> <!-- qsp.alltest -->
