<?xml version="1.0" encoding="UTF-8"?>
<!-- Generated by org.testng.reporters.JUnitReportReporter -->
<testsuite skipped="0" hostname="DESKTOP-H984LVP" name="qsp.testng2" tests="2" failures="0" timestamp="09 Aug 2018 06:16:20 GMT" time="0.015" errors="0">
  <testcase name="DeleteProduct" time="0.000" classname="qsp.testng2"/>
  <testcase name="CreateProduct" time="0.015" classname="qsp.testng2"/>
</testsuite> <!-- qsp.testng2 -->
