<?xml version="1.0" encoding="UTF-8"?>
<!-- Generated by org.testng.reporters.JUnitReportReporter -->
<testsuite skipped="0" hostname="DESKTOP-H984LVP" name="qsp.readingdatafromexcel" tests="1" failures="0" timestamp="09 Aug 2018 09:42:42 GMT" time="1.285" errors="0">
  <testcase name="readexceldate" time="1.285" classname="qsp.readingdatafromexcel"/>
</testsuite> <!-- qsp.readingdatafromexcel -->
