<?xml version="1.0" encoding="UTF-8"?>
<!-- Generated by org.testng.reporters.JUnitReportReporter -->
<testsuite skipped="0" hostname="DESKTOP-H984LVP" name="qsp.testnga" tests="1" failures="0" timestamp="09 Aug 2018 06:16:20 GMT" time="0.000" errors="0">
  <testcase name="createuser" time="0.000" classname="qsp.testnga"/>
</testsuite> <!-- qsp.testnga -->
